android/app/build/intermediates/manifest_merge_blame_file/release/manifest-merger-blame-release-report.txt
1<?xml version="1.0" encoding="utf-8"?>
2<manifest xmlns:android="http://schemas.android.com/apk/res/android"
3    package="com.hostelxpress"
4    android:versionCode="1"
5    android:versionName="1.0" >
6
7    <uses-sdk
8        android:minSdkVersion="21"
8-->src\main\AndroidManifest.xml
9        android:targetSdkVersion="30" />
9-->src\main\AndroidManifest.xml
10
11    <uses-permission android:name="android.permission.INTERNET" />
11-->src\main\AndroidManifest.xml:4:5-67
11-->src\main\AndroidManifest.xml:4:22-64
12    <uses-permission android:name="android.permission.WAKE_LOCK" />
12-->[:react-native-firebase_auth] AndroidManifest.xml:12:5-68
12-->[:react-native-firebase_auth] AndroidManifest.xml:12:22-65
13    <uses-permission android:name="android.permission.ACCESS_NETWORK_STATE" />
13-->[:react-native-firebase_auth] AndroidManifest.xml:13:5-79
13-->[:react-native-firebase_auth] AndroidManifest.xml:13:22-76
14
15    <application
15-->src\main\AndroidManifest.xml:6:5-24:19
16        android:name="com.hostelxpress.MainApplication"
16-->src\main\AndroidManifest.xml:7:7-38
17        android:allowBackup="false"
17-->src\main\AndroidManifest.xml:11:7-34
18        android:appComponentFactory="androidx.core.app.CoreComponentFactory"
18-->[androidx.core:core:1.2.0] AndroidManifest.xml:24:18-86
19        android:icon="@mipmap/ic_launcher"
19-->src\main\AndroidManifest.xml:9:7-41
20        android:label="@string/app_name"
20-->src\main\AndroidManifest.xml:8:7-39
21        android:roundIcon="@mipmap/ic_launcher_round"
21-->src\main\AndroidManifest.xml:10:7-52
22        android:theme="@style/AppTheme" >
22-->src\main\AndroidManifest.xml:12:7-38
23        <activity
23-->src\main\AndroidManifest.xml:13:7-23:18
24            android:name="com.hostelxpress.MainActivity"
24-->src\main\AndroidManifest.xml:14:9-37
25            android:configChanges="keyboard|keyboardHidden|orientation|screenSize|uiMode"
25-->src\main\AndroidManifest.xml:16:9-86
26            android:label="@string/app_name"
26-->src\main\AndroidManifest.xml:15:9-41
27            android:launchMode="singleTask"
27-->src\main\AndroidManifest.xml:17:9-40
28            android:windowSoftInputMode="adjustResize" >
28-->src\main\AndroidManifest.xml:18:9-51
29            <intent-filter>
29-->src\main\AndroidManifest.xml:19:9-22:25
30                <action android:name="android.intent.action.MAIN" />
30-->src\main\AndroidManifest.xml:20:13-65
30-->src\main\AndroidManifest.xml:20:21-62
31
32                <category android:name="android.intent.category.LAUNCHER" />
32-->src\main\AndroidManifest.xml:21:13-73
32-->src\main\AndroidManifest.xml:21:23-70
33            </intent-filter>
34        </activity>
35
36        <meta-data
36-->[:react-native-firebase_app] AndroidManifest.xml:12:9-14:36
37            android:name="app_data_collection_default_enabled"
37-->[:react-native-firebase_app] AndroidManifest.xml:13:13-63
38            android:value="true" />
38-->[:react-native-firebase_app] AndroidManifest.xml:14:13-33
39
40        <service
40-->[:react-native-firebase_app] AndroidManifest.xml:16:9-20:19
41            android:name="com.google.firebase.components.ComponentDiscoveryService"
41-->[:react-native-firebase_app] AndroidManifest.xml:16:18-89
42            android:directBootAware="true"
42-->[com.google.firebase:firebase-common:20.0.0] AndroidManifest.xml:35:13-43
43            android:exported="false" >
43-->[com.google.firebase:firebase-auth:21.0.1] AndroidManifest.xml:76:13-37
44            <meta-data
44-->[:react-native-firebase_app] AndroidManifest.xml:17:13-19:85
45                android:name="com.google.firebase.components:io.invertase.firebase.app.ReactNativeFirebaseAppRegistrar"
45-->[:react-native-firebase_app] AndroidManifest.xml:18:17-120
46                android:value="com.google.firebase.components.ComponentRegistrar" />
46-->[:react-native-firebase_app] AndroidManifest.xml:19:17-82
47            <meta-data
47-->[com.google.firebase:firebase-auth:21.0.1] AndroidManifest.xml:77:13-79:85
48                android:name="com.google.firebase.components:com.google.firebase.auth.FirebaseAuthRegistrar"
48-->[com.google.firebase:firebase-auth:21.0.1] AndroidManifest.xml:78:17-109
49                android:value="com.google.firebase.components.ComponentRegistrar" />
49-->[com.google.firebase:firebase-auth:21.0.1] AndroidManifest.xml:79:17-82
50            <meta-data
50-->[com.google.firebase:firebase-database:20.0.2] AndroidManifest.xml:32:13-34:85
51                android:name="com.google.firebase.components:com.google.firebase.database.DatabaseRegistrar"
51-->[com.google.firebase:firebase-database:20.0.2] AndroidManifest.xml:33:17-109
52                android:value="com.google.firebase.components.ComponentRegistrar" />
52-->[com.google.firebase:firebase-database:20.0.2] AndroidManifest.xml:34:17-82
53        </service>
54
55        <provider
55-->[:react-native-firebase_app] AndroidManifest.xml:22:9-26:38
56            android:name="io.invertase.firebase.app.ReactNativeFirebaseAppInitProvider"
56-->[:react-native-firebase_app] AndroidManifest.xml:23:13-88
57            android:authorities="com.hostelxpress.reactnativefirebaseappinitprovider"
57-->[:react-native-firebase_app] AndroidManifest.xml:24:13-86
58            android:exported="false"
58-->[:react-native-firebase_app] AndroidManifest.xml:25:13-37
59            android:initOrder="99" />
59-->[:react-native-firebase_app] AndroidManifest.xml:26:13-35
60
61        <activity
61-->[com.google.firebase:firebase-auth:21.0.1] AndroidManifest.xml:27:9-44:20
62            android:name="com.google.firebase.auth.internal.GenericIdpActivity"
62-->[com.google.firebase:firebase-auth:21.0.1] AndroidManifest.xml:28:13-80
63            android:excludeFromRecents="true"
63-->[com.google.firebase:firebase-auth:21.0.1] AndroidManifest.xml:29:13-46
64            android:exported="true"
64-->[com.google.firebase:firebase-auth:21.0.1] AndroidManifest.xml:30:13-36
65            android:launchMode="singleTask"
65-->[com.google.firebase:firebase-auth:21.0.1] AndroidManifest.xml:31:13-44
66            android:theme="@android:style/Theme.Translucent.NoTitleBar" >
66-->[com.google.firebase:firebase-auth:21.0.1] AndroidManifest.xml:32:13-72
67            <intent-filter>
67-->[com.google.firebase:firebase-auth:21.0.1] AndroidManifest.xml:33:13-43:29
68                <action android:name="android.intent.action.VIEW" />
68-->[com.google.firebase:firebase-auth:21.0.1] AndroidManifest.xml:34:17-69
68-->[com.google.firebase:firebase-auth:21.0.1] AndroidManifest.xml:34:25-66
69
70                <category android:name="android.intent.category.DEFAULT" />
70-->[com.google.firebase:firebase-auth:21.0.1] AndroidManifest.xml:36:17-76
70-->[com.google.firebase:firebase-auth:21.0.1] AndroidManifest.xml:36:27-73
71                <category android:name="android.intent.category.BROWSABLE" />
71-->[com.google.firebase:firebase-auth:21.0.1] AndroidManifest.xml:37:17-78
71-->[com.google.firebase:firebase-auth:21.0.1] AndroidManifest.xml:37:27-75
72
73                <data
73-->[com.google.firebase:firebase-auth:21.0.1] AndroidManifest.xml:39:17-42:51
74                    android:host="firebase.auth"
74-->[com.google.firebase:firebase-auth:21.0.1] AndroidManifest.xml:40:21-49
75                    android:path="/"
75-->[com.google.firebase:firebase-auth:21.0.1] AndroidManifest.xml:41:21-37
76                    android:scheme="genericidp" />
76-->[com.google.firebase:firebase-auth:21.0.1] AndroidManifest.xml:42:21-48
77            </intent-filter>
78        </activity>
79        <activity
79-->[com.google.firebase:firebase-auth:21.0.1] AndroidManifest.xml:45:9-62:20
80            android:name="com.google.firebase.auth.internal.RecaptchaActivity"
80-->[com.google.firebase:firebase-auth:21.0.1] AndroidManifest.xml:46:13-79
81            android:excludeFromRecents="true"
81-->[com.google.firebase:firebase-auth:21.0.1] AndroidManifest.xml:47:13-46
82            android:exported="true"
82-->[com.google.firebase:firebase-auth:21.0.1] AndroidManifest.xml:48:13-36
83            android:launchMode="singleTask"
83-->[com.google.firebase:firebase-auth:21.0.1] AndroidManifest.xml:49:13-44
84            android:theme="@android:style/Theme.Translucent.NoTitleBar" >
84-->[com.google.firebase:firebase-auth:21.0.1] AndroidManifest.xml:50:13-72
85            <intent-filter>
85-->[com.google.firebase:firebase-auth:21.0.1] AndroidManifest.xml:51:13-61:29
86                <action android:name="android.intent.action.VIEW" />
86-->[com.google.firebase:firebase-auth:21.0.1] AndroidManifest.xml:34:17-69
86-->[com.google.firebase:firebase-auth:21.0.1] AndroidManifest.xml:34:25-66
87
88                <category android:name="android.intent.category.DEFAULT" />
88-->[com.google.firebase:firebase-auth:21.0.1] AndroidManifest.xml:36:17-76
88-->[com.google.firebase:firebase-auth:21.0.1] AndroidManifest.xml:36:27-73
89                <category android:name="android.intent.category.BROWSABLE" />
89-->[com.google.firebase:firebase-auth:21.0.1] AndroidManifest.xml:37:17-78
89-->[com.google.firebase:firebase-auth:21.0.1] AndroidManifest.xml:37:27-75
90
91                <data
91-->[com.google.firebase:firebase-auth:21.0.1] AndroidManifest.xml:39:17-42:51
92                    android:host="firebase.auth"
92-->[com.google.firebase:firebase-auth:21.0.1] AndroidManifest.xml:40:21-49
93                    android:path="/"
93-->[com.google.firebase:firebase-auth:21.0.1] AndroidManifest.xml:41:21-37
94                    android:scheme="recaptcha" />
94-->[com.google.firebase:firebase-auth:21.0.1] AndroidManifest.xml:42:21-48
95            </intent-filter>
96        </activity>
97
98        <service
98-->[com.google.firebase:firebase-auth:21.0.1] AndroidManifest.xml:64:9-73:19
99            android:name="com.google.firebase.auth.api.fallback.service.FirebaseAuthFallbackService"
99-->[com.google.firebase:firebase-auth:21.0.1] AndroidManifest.xml:65:13-101
100            android:enabled="true"
100-->[com.google.firebase:firebase-auth:21.0.1] AndroidManifest.xml:66:13-35
101            android:exported="false" >
101-->[com.google.firebase:firebase-auth:21.0.1] AndroidManifest.xml:67:13-37
102            <intent-filter>
102-->[com.google.firebase:firebase-auth:21.0.1] AndroidManifest.xml:68:13-72:29
103                <action android:name="com.google.firebase.auth.api.gms.service.START" />
103-->[com.google.firebase:firebase-auth:21.0.1] AndroidManifest.xml:69:17-89
103-->[com.google.firebase:firebase-auth:21.0.1] AndroidManifest.xml:69:25-86
104
105                <category android:name="android.intent.category.DEFAULT" />
105-->[com.google.firebase:firebase-auth:21.0.1] AndroidManifest.xml:36:17-76
105-->[com.google.firebase:firebase-auth:21.0.1] AndroidManifest.xml:36:27-73
106            </intent-filter>
107        </service>
108
109        <activity
109-->[com.google.android.gms:play-services-auth:19.2.0] AndroidManifest.xml:23:9-27:75
110            android:name="com.google.android.gms.auth.api.signin.internal.SignInHubActivity"
110-->[com.google.android.gms:play-services-auth:19.2.0] AndroidManifest.xml:24:13-93
111            android:excludeFromRecents="true"
111-->[com.google.android.gms:play-services-auth:19.2.0] AndroidManifest.xml:25:13-46
112            android:exported="false"
112-->[com.google.android.gms:play-services-auth:19.2.0] AndroidManifest.xml:26:13-37
113            android:theme="@android:style/Theme.Translucent.NoTitleBar" />
113-->[com.google.android.gms:play-services-auth:19.2.0] AndroidManifest.xml:27:13-72
114        <!--
115            Service handling Google Sign-In user revocation. For apps that do not integrate with
116            Google Sign-In, this service will never be started.
117        -->
118        <service
118-->[com.google.android.gms:play-services-auth:19.2.0] AndroidManifest.xml:33:9-37:51
119            android:name="com.google.android.gms.auth.api.signin.RevocationBoundService"
119-->[com.google.android.gms:play-services-auth:19.2.0] AndroidManifest.xml:34:13-89
120            android:exported="true"
120-->[com.google.android.gms:play-services-auth:19.2.0] AndroidManifest.xml:35:13-36
121            android:permission="com.google.android.gms.auth.api.signin.permission.REVOCATION_NOTIFICATION"
121-->[com.google.android.gms:play-services-auth:19.2.0] AndroidManifest.xml:36:13-107
122            android:visibleToInstantApps="true" />
122-->[com.google.android.gms:play-services-auth:19.2.0] AndroidManifest.xml:37:13-48
123
124        <activity
124-->[com.google.android.gms:play-services-base:17.5.0] AndroidManifest.xml:23:9-26:75
125            android:name="com.google.android.gms.common.api.GoogleApiActivity"
125-->[com.google.android.gms:play-services-base:17.5.0] AndroidManifest.xml:24:13-79
126            android:exported="false"
126-->[com.google.android.gms:play-services-base:17.5.0] AndroidManifest.xml:25:13-37
127            android:theme="@android:style/Theme.Translucent.NoTitleBar" />
127-->[com.google.android.gms:play-services-base:17.5.0] AndroidManifest.xml:26:13-72
128
129        <provider
129-->[com.google.firebase:firebase-common:20.0.0] AndroidManifest.xml:26:9-31:39
130            android:name="com.google.firebase.provider.FirebaseInitProvider"
130-->[com.google.firebase:firebase-common:20.0.0] AndroidManifest.xml:27:13-77
131            android:authorities="com.hostelxpress.firebaseinitprovider"
131-->[com.google.firebase:firebase-common:20.0.0] AndroidManifest.xml:28:13-72
132            android:directBootAware="true"
132-->[com.google.firebase:firebase-common:20.0.0] AndroidManifest.xml:29:13-43
133            android:exported="false"
133-->[com.google.firebase:firebase-common:20.0.0] AndroidManifest.xml:30:13-37
134            android:initOrder="100" />
134-->[com.google.firebase:firebase-common:20.0.0] AndroidManifest.xml:31:13-36
135
136        <meta-data
136-->[com.google.android.gms:play-services-basement:17.5.0] AndroidManifest.xml:23:9-25:69
137            android:name="com.google.android.gms.version"
137-->[com.google.android.gms:play-services-basement:17.5.0] AndroidManifest.xml:24:13-58
138            android:value="@integer/google_play_services_version" />
138-->[com.google.android.gms:play-services-basement:17.5.0] AndroidManifest.xml:25:13-66
139    </application>
140
141</manifest>